This file contains any messages produced by compilers while
running configure, to aid debugging if configure makes a mistake.

configure:575: checking for acc
configure:605: checking for cc
configure:635: checking for gcc
configure:748: checking whether the C compiler (/data/animals/opencilk/build-test4/bin/clang  ) works
configure:764: /data/animals/opencilk/build-test4/bin/clang -o conftest    conftest.c  1>&5
configure:761:1: warning: type specifier missing, defaults to 'int' [-Wimplicit-int]
main(){return(0);}
^
1 warning generated.
configure:790: checking whether the C compiler (/data/animals/opencilk/build-test4/bin/clang  ) is a cross-compiler
configure:795: checking whether we are using GNU C
configure:804: /data/animals/opencilk/build-test4/bin/clang -E conftest.c
configure:823: checking whether /data/animals/opencilk/build-test4/bin/clang accepts -g
configure:855: checking how to run the C preprocessor
configure:876: /data/animals/opencilk/build-test4/bin/clang -E  conftest.c >/dev/null 2>conftest.out
configure:935: checking for AIX
configure:961: checking for minix/config.h
configure:971: /data/animals/opencilk/build-test4/bin/clang -E  conftest.c >/dev/null 2>conftest.out
configure:967:10: fatal error: 'minix/config.h' file not found
#include <minix/config.h>
         ^~~~~~~~~~~~~~~~
1 error generated.
configure: failed program was:
#line 966 "configure"
#include "confdefs.h"
#include <minix/config.h>
configure:1009: checking for POSIXized ISC
configure:1032: checking for ranlib
configure:1063: checking for memory.h
configure:1073: /data/animals/opencilk/build-test4/bin/clang -E  conftest.c >/dev/null 2>conftest.out
configure:1100: checking for ANSI C header files
configure:1113: /data/animals/opencilk/build-test4/bin/clang -E  conftest.c >/dev/null 2>conftest.out
configure:1180: /data/animals/opencilk/build-test4/bin/clang -o conftest -g -O2   conftest.c  1>&5
configure:1175:67: warning: implicitly declaring library function 'exit' with type 'void (int) __attribute__((noreturn))' [-Wimplicit-function-declaration]
if (XOR (islower (i), ISLOWER (i)) || toupper (i) != TOUPPER (i)) exit(2);
                                                                  ^
configure:1175:67: note: include the header <stdlib.h> or explicitly provide a declaration for 'exit'
1 warning generated.
configure:1205: checking for complex.h
configure:1215: /data/animals/opencilk/build-test4/bin/clang -E  conftest.c >/dev/null 2>conftest.out
configure:1241: checking for malloc.h
configure:1251: /data/animals/opencilk/build-test4/bin/clang -E  conftest.c >/dev/null 2>conftest.out
configure:1277: checking for varargs.h
configure:1287: /data/animals/opencilk/build-test4/bin/clang -E  conftest.c >/dev/null 2>conftest.out
In file included from configure:1283:
/data/animals/opencilk/build-test4/lib/clang/12.0.0/include/varargs.h:11:4: error: "Please use <stdarg.h> instead of <varargs.h>"
  #error "Please use <stdarg.h> instead of <varargs.h>"
   ^
1 error generated.
configure: failed program was:
#line 1282 "configure"
#include "confdefs.h"
#include <varargs.h>
configure:1316: checking for size_t
configure:1349: checking for working const
configure:1403: /data/animals/opencilk/build-test4/bin/clang -c -g -O2  conftest.c 1>&5
configure:1424: checking whether byte ordering is bigendian
configure:1442: /data/animals/opencilk/build-test4/bin/clang -c -g -O2  conftest.c 1>&5
configure:1457: /data/animals/opencilk/build-test4/bin/clang -c -g -O2  conftest.c 1>&5
configure:1452:2: error: use of undeclared identifier 'not'
 not big endian
 ^
1 error generated.
configure: failed program was:
#line 1446 "configure"
#include "confdefs.h"
#include <sys/types.h>
#include <sys/param.h>
int main() {

#if BYTE_ORDER != BIG_ENDIAN
 not big endian
#endif
; return 0; }
configure:1579: /data/animals/opencilk/build-test4/bin/clang -c -g -O2  conftest.c 1>&5
configure:1570:1: error: unknown type name 'u_int'
u_int
^
In file included from configure:1572:
In file included from /usr/include/stdio.h:863:
/usr/include/bits/stdio.h:40:1: error: function definition is not allowed here
{
^
/usr/include/bits/stdio.h:48:1: error: function definition is not allowed here
{
^
/usr/include/bits/stdio.h:57:1: error: function definition is not allowed here
{
^
/usr/include/bits/stdio.h:67:1: error: function definition is not allowed here
{
^
/usr/include/bits/stdio.h:74:1: error: function definition is not allowed here
{
^
/usr/include/bits/stdio.h:83:1: error: function definition is not allowed here
{
^
/usr/include/bits/stdio.h:92:1: error: function definition is not allowed here
{
^
/usr/include/bits/stdio.h:102:1: error: function definition is not allowed here
{
^
/usr/include/bits/stdio.h:109:1: error: function definition is not allowed here
{
^
/usr/include/bits/stdio.h:129:1: error: function definition is not allowed here
{
^
/usr/include/bits/stdio.h:136:1: error: function definition is not allowed here
{
^
In file included from configure:1574:
/usr/include/stdlib.h:362:1: error: function definition is not allowed here
{
^
/usr/include/stdlib.h:367:1: error: function definition is not allowed here
{
^
/usr/include/stdlib.h:374:1: error: function definition is not allowed here
{
^
In file included from configure:1574:
In file included from /usr/include/stdlib.h:394:
In file included from /usr/include/sys/types.h:176:
In file included from /usr/include/endian.h:35:
/usr/include/bits/byteswap.h:35:1: error: function definition is not allowed here
{
^
/usr/include/bits/byteswap.h:50:1: error: function definition is not allowed here
{
^
/usr/include/bits/byteswap.h:71:1: error: function definition is not allowed here
{
^
In file included from configure:1574:
In file included from /usr/include/stdlib.h:394:
In file included from /usr/include/sys/types.h:176:
In file included from /usr/include/endian.h:36:
/usr/include/bits/uintn-identity.h:34:1: error: function definition is not allowed here
{
^
fatal error: too many errors emitted, stopping now [-ferror-limit=]
20 errors generated.
configure: failed program was:
#line 1569 "configure"
#include "confdefs.h"
u_int
int main() {
#include <stdio.h>
#ifdef __STDC__
#include <stdlib.h>
#endif
; return 0; }
configure:1636: checking for bcopy
configure:1664: /data/animals/opencilk/build-test4/bin/clang -o conftest -g -O2   conftest.c  -lm 1>&5
configure:1636: checking for bzero
configure:1664: /data/animals/opencilk/build-test4/bin/clang -o conftest -g -O2   conftest.c  -lm 1>&5
configure:1648:6: warning: incompatible redeclaration of library function 'bzero' [-Wincompatible-library-redeclaration]
char bzero();
     ^
configure:1648:6: note: 'bzero' is a builtin with type 'void (void *, unsigned long)'
1 warning generated.
